SF:/Users/sebastiansandqvist/Documents/Sites & Projects/apps/~modules/s-binary/index.js
DA:1,1
DA:12,1
DA:17,1
DA:18,10
DA:21,1
DA:22,2
DA:34,1
DA:36,8
DA:38,8
DA:40,4
DA:41,2
DA:44,2
DA:49,4
DA:51,4
DA:53,22
DA:57,22
DA:61,4
DA:68,1
DA:70,2
DA:71,2
DA:73,2
DA:74,6
DA:75,6
DA:78,2
DA:89,1
DA:91,35
DA:92,7
DA:93,7
DA:94,7
DA:97,28
DA:98,28
DA:100,28
DA:101,28
DA:103,28
DA:105,112
DA:106,112
DA:107,112
DA:109,112
DA:110,112
DA:114,28
DA:118,1
DA:120,4
DA:121,4
DA:123,4
DA:124,4
DA:126,4
DA:133,1
DA:134,6
DA:135,6
DA:136,6
DA:142,1
DA:143,6
DA:144,6
DA:145,6
DA:151,1
DA:153,14
DA:155,14
DA:156,87
DA:159,14
DA:163,1
DA:165,231
DA:166,231
DA:167,231
DA:169,231
DA:171,231
DA:172,252
DA:173,163
DA:176,89
DA:180,231
DA:184,1
DA:186,120
DA:187,120
DA:188,120
DA:190,120
DA:192,120
DA:193,144
DA:194,45
DA:197,99
DA:201,120
DA:205,1
DA:206,3
DA:207,3
DA:210,1
DA:211,4
DA:212,4
DA:216,1
DA:218,228
DA:219,228
DA:220,228
DA:222,228
DA:224,228
DA:225,240
DA:226,160
DA:229,80
DA:233,228
DA:237,1
DA:238,5
DA:239,5
DA:240,5
DA:250,1
DA:251,99
DA:252,194
DA:254,99
DA:261,1
DA:263,2
DA:264,4
DA:267,2
DA:268,1
DA:269,1
DA:272,1
DA:279,1
DA:281,581
DA:282,581
DA:284,581
DA:285,1
DA:288,581
DA:289,10
DA:292,581
DA:299,1
DA:300,6
DA:301,3
DA:303,6
DA:304,6
DA:309,1
DA:311,1
DA:313,1
DA:314,14
DA:315,14
DA:316,14
DA:317,14
DA:320,1
end_of_record
