SF:/Users/sebastiansandqvist/Documents/Sites & Projects/apps/modules/s-binary/index.js
DA:1,1
DA:12,1
DA:16,1
DA:17,4
DA:20,1
DA:21,2
DA:28,1
DA:30,5
DA:32,5
DA:35,2
DA:39,3
DA:41,3
DA:43,8
DA:47,8
DA:51,3
DA:64,1
DA:65,6
DA:66,6
DA:67,6
DA:70,1
DA:71,4
DA:72,4
DA:74,4
DA:75,4
DA:77,4
DA:86,1
DA:87,6
DA:88,6
DA:89,6
DA:95,1
DA:96,6
DA:97,6
DA:98,6
DA:104,1
DA:105,13
DA:106,13
DA:107,79
DA:109,13
DA:112,1
DA:114,7
DA:115,7
DA:116,7
DA:118,7
DA:120,7
DA:121,28
DA:122,6
DA:125,22
DA:129,7
DA:133,1
DA:135,8
DA:136,8
DA:137,8
DA:139,8
DA:141,8
DA:142,32
DA:143,30
DA:146,2
DA:150,8
DA:154,1
DA:155,3
DA:156,3
DA:159,1
DA:160,4
DA:161,4
DA:164,1
DA:166,4
DA:167,4
DA:168,4
DA:170,4
DA:172,4
DA:173,16
DA:174,13
DA:177,3
DA:181,4
DA:185,1
DA:186,4
DA:187,4
DA:188,4
DA:198,1
DA:199,26
DA:200,45
DA:202,26
DA:209,1
DA:211,2
DA:212,4
DA:215,2
DA:216,1
DA:217,1
DA:220,1
DA:227,1
DA:229,21
DA:230,21
DA:232,21
DA:233,1
DA:236,21
DA:237,10
DA:240,21
DA:247,1
DA:248,2
DA:249,2
end_of_record
